C51 COMPILER V9.52.0.0   DIRECTION                                                         04/09/2016 13:05:48 PAGE 1   


C51 COMPILER V9.52.0.0, COMPILATION OF MODULE DIRECTION
OBJECT MODULE PLACED IN direction.OBJ
COMPILER INVOKED BY: F:\Keil\C51\BIN\C51.EXE direction.c LARGE BROWSE DEBUG OBJECTEXTEND TABS(2)

line level    source

   1          //******************方向控制模块********************************/
   2          
   3          #include "config.h"
   4          
   5          /***************************向前走*****************************/
   6          void forward() 
   7          {
   8   1        pwm_leftback(0);
   9   1      
  10   1      //    pwm_left(speed);
  11   1        pwm_left(speed+20);
  12   1          pwm_right(speed);
  13   1      }
  14          /*左转90度，自动恢复*/
  15          void turn_left()
  16          {
  17   1        //调试参数修改转弯模式
  18   1          pwm_left(0);
  19   1          pwm_right(speed);
  20   1        //调试参数，1-255
  21   1          delay_ms(2000);
  22   1          pwm_left(speed);
  23   1          pwm_right(speed);
  24   1      }
  25          
  26          /*右转90度，自动恢复*/
  27          void turn_right()
  28          {
  29   1        //调试参数修改转弯模式
  30   1          pwm_left(speed);
  31   1          pwm_right(0);
  32   1        //调试参数，0-65536
  33   1          delay_ms(2000);
  34   1          pwm_left(speed);
  35   1          pwm_right(speed);
  36   1      }
  37          
  38          void adjust_left()
  39          {
  40   1        u8 temp=TLIN;
  41   1          pwm_left(0);
  42   1          pwm_right(speed);
  43   1        //????????
  44   1        //??????
  45   1        //??130 delay_ms(100)
  46   1        //??170 delay_ms(180) 1?150 too samll
  47   1        //
  48   1          delay_ms(220);
  49   1          //?????
  50   1          for(;temp!=0x00;temp=TLIN)//???????
  51   1          {
  52   2          }
  53   1          //??
  54   1          pwm_left(speed);
  55   1          pwm_right(0);
C51 COMPILER V9.52.0.0   DIRECTION                                                         04/09/2016 13:05:48 PAGE 2   

  56   1          //????
  57   1          delay_ms(200);
  58   1          //????
  59   1          pwm_left(speed);
  60   1          pwm_right(speed);
  61   1          return;
  62   1          
  63   1      }
  64          void adjust_right()
  65          {
  66   1          u8 temp=TLIN;
  67   1          // 右转
  68   1          pwm_left(speed);
  69   1          pwm_right(0);
  70   1          
  71   1          delay_ms(200);
  72   1      
  73   1          for(;temp!=0x00;temp=TLIN)//
  74   1          {
  75   2        //    delay_ms(10);
  76   2          }
  77   1      
  78   1          pwm_left(0);
  79   1          pwm_right(speed);
  80   1          //
  81   1          delay_ms(150);
  82   1          //
  83   1          pwm_left(speed);
  84   1          pwm_right(speed);
  85   1          return;
  86   1      
  87   1      }
  88          
  89          /************************
  90          //左转可调，自动恢复
  91          //t1:保持左转状态时间 1-65536
  92          //t2:回调时间 1-65536
  93          *************************/
  94          void turn_leftn(u16 t1,u16 t2)
  95          {
  96   1        //调试参数修改转弯模式
  97   1          pwm_left(0);
  98   1          pwm_right(speed);
  99   1        //:保持左转状态时间
 100   1          delay_ms(t1);
 101   1          //回调
 102   1          //回调时pwm比需要计算、调试
 103   1          pwm_left(speed);
 104   1          pwm_right(0);
 105   1            //回调时间
 106   1          delay_ms(t2);
 107   1          //恢复前行
 108   1          pwm_left(speed);
 109   1          pwm_right(speed);
 110   1      }
 111          
 112          /************************
 113          //右转可调，支持转弯后回调
 114          //t1:保持右转状态时间 1-255
 115          //t2:回调时间 1-255
 116          *************************/
 117          void turn_rightn(u16 t1,u16 t2)
C51 COMPILER V9.52.0.0   DIRECTION                                                         04/09/2016 13:05:48 PAGE 3   

 118          {
 119   1        
 120   1        //调试参数修改转弯模式
 121   1          pwm_left(speed);
 122   1          pwm_right(0);
 123   1        //保持右转状态时间
 124   1          delay_ms(t1);
 125   1          
 126   1          //回调
 127   1          //回调时pwm比需要计算、调试
 128   1          pwm_left(0);
 129   1          pwm_right(speed);
 130   1            //回调时间
 131   1          delay_ms(t2);
 132   1          
 133   1          //恢复前行
 134   1          pwm_left(speed);
 135   1          pwm_right(speed);
 136   1      
 137   1      }
 138          
 139          
 140          
 141          
 142          
 143          
 144            


MODULE INFORMATION:   STATIC OVERLAYABLE
   CODE SIZE        =    313    ----
   CONSTANT SIZE    =   ----    ----
   XDATA SIZE       =   ----      10
   PDATA SIZE       =   ----    ----
   DATA SIZE        =   ----    ----
   IDATA SIZE       =   ----    ----
   BIT SIZE         =   ----    ----
END OF MODULE INFORMATION.


C51 COMPILATION COMPLETE.  0 WARNING(S),  0 ERROR(S)
