C51 COMPILER V9.52.0.0   INLINE                                                            04/09/2016 13:05:48 PAGE 1   


C51 COMPILER V9.52.0.0, COMPILATION OF MODULE INLINE
OBJECT MODULE PLACED IN inline.OBJ
COMPILER INVOKED BY: F:\Keil\C51\BIN\C51.EXE inline.c LARGE BROWSE DEBUG OBJECTEXTEND TABS(2)

line level    source

   1          //*****************循迹模块********************************/
   2          
   3          #include "config.h"
   4          extern bit update_flag;//timer0 计数标记
   5          extern bit tl_flag;//0正常前行 1 turn left
   6          extern bit over_flag; //
   7          u16 timer1_reg=65536UL - (MAIN_Fosc/40UL);
   8          
   9          void Inline()   //检测黑线信号，检测到黑线时变为高电平，平时低电平
  10          {
  11   1        Line_Count();
  12   1        if(tl_flag)
  13   1        {
  14   2          //左转，定时器1控制左转时间
  15   2          pwm_left(0);
  16   2          pwm_right(speed);
  17   2          
  18   2          TR1=0;
  19   2          TH1 = (u8)(timer1_reg>> 8);
  20   2          TL1 = (u8)timer1_reg;
  21   2          TR1=1;
  22   2          tl_flag=0;
  23   2        }
  24   1        
  25   1        switch(TLIN)
  26   1        {
  27   2          //没检测到黑线时，直行
  28   2          case 0x00:    forward();                  break;
  29   2          
  30   2          //右边检测到黑线时,左转
  31   2          case 0x01:  adjust_left();                break;
  32   2          
  33   2          //左边检测到黑线时，右转
  34   2          case 0x02:    adjust_right();             break;
  35   2              
  36   2          //不可能
  37   2          case 0x03:     forward();                 break;
  38   2          
  39   2      //
  40   2          default:  break;
  41   2        }
  42   1      
  43   1      }


MODULE INFORMATION:   STATIC OVERLAYABLE
   CODE SIZE        =     64    ----
   CONSTANT SIZE    =   ----    ----
   XDATA SIZE       =      2    ----
   PDATA SIZE       =   ----    ----
   DATA SIZE        =   ----    ----
   IDATA SIZE       =   ----    ----
   BIT SIZE         =   ----    ----
END OF MODULE INFORMATION.


C51 COMPILATION COMPLETE.  0 WARNING(S),  0 ERROR(S)
