C51 COMPILER V9.52.0.0   PWM                                                               04/09/2016 13:05:47 PAGE 1   


C51 COMPILER V9.52.0.0, COMPILATION OF MODULE PWM
OBJECT MODULE PLACED IN pwm.OBJ
COMPILER INVOKED BY: F:\Keil\C51\BIN\C51.EXE pwm.c LARGE BROWSE DEBUG OBJECTEXTEND TABS(2)

line level    source

   1          //========================================================================
   2          //PWM调速模块
   3          //========================================================================
   4          
   5          #include "config.h"
   6          extern u8 pwm0,pwm1,pwm2;
   7          
   8          //========================================================================
   9          // 函数: void PCA_Init(void)
  10          // 描述: PCA初始化程序.
  11          //========================================================================
  12          void  PCA_Init(void)
  13          {
  14   1        CR = 0;
  15   1        AUXR1 = (AUXR1 & ~(3<<4)) | PCA_P24_P25_P26_P27;  //切换IO口
  16   1        //将PCA/PWM切换到P24(ECI) P25(CCP0) P26(CCP1) P27(CCP2)
  17   1        CCON = 0; //初始化PCA控制寄存器
  18   1        
  19   1        PCA_PWM0 = (PCA_Mode_Capture | ENABLE); //8位模式
  20   1        PCA_PWM1 = (PCA_Mode_Capture | ENABLE);
  21   1        PCA_PWM2 = (PCA_Mode_Capture | ENABLE);
  22   1        
  23   1        CCAPM0 = 0x42; //PCA模块0为8位PWM模式
  24   1        CCAPM1 = 0x42; //PCA模块1为8位PWM模式
  25   1        CCAPM2 = 0x42; //PCA模块2为8位PWM模式
  26   1      
  27   1        CH = 0;
  28   1        CL = 0;
  29   1        //选择时钟源
  30   1        CMOD = 0x02; //设置PCA时钟源 1T
  31   1      
  32   1        pwm0 = 0; //给PWM一个初值
  33   1        pwm1 = 0;
  34   1        pwm2 = 0;
  35   1      
  36   1        PWMn_Update(PCA0,pwm0);
  37   1        PWMn_Update(PCA1,pwm1);
  38   1        //PWMn_Update(PCA2,pwm2);
  39   1      
  40   1        CR    = 1;  // 运行PCA定时器
  41   1        //  EA = 1;
  42   1        P2M1 &= ~(0xe0);  //P2.7 P2.6 P2.5 设置为推挽输出
  43   1        P2M0 |=  (0xe0);
  44   1      }
  45          //========================================================================
  46          // 函数: void  delay_ms(u8 ms)
  47          // 描述: 延时函数。
  48          // 参数: ms,要延时的ms数, 这里只支持1~255ms. 自动适应主时钟.
  49          //========================================================================
  50          void  delay_ms(u16 ms)
  51          {
*** WARNING C235 IN LINE 51 OF pwm.c: parameter 1: different types
  52   1           unsigned int i;
  53   1         do{
  54   2              i = MAIN_Fosc / 13000;
C51 COMPILER V9.52.0.0   PWM                                                               04/09/2016 13:05:47 PAGE 2   

  55   2            while(--i)  ;
  56   2           }while(--ms);
  57   1      }
  58          
  59          
  60          //========================================================================
  61          // 函数: void PWMn_SetHighReg(unsigned int high)
  62          // 描述: 更新占空比数据。
  63          // 参数: high:高电位周期 0-255
  64          //========================================================================
  65          void PWMn_Update(u8 PCA_id, u16 pwm)
  66          {
  67   1        if(PCA_id == PCA0)
  68   1        {
  69   2          CR = 0;           //停止PCA一会， 一般不会影响PWM。
  70   2          CCAP0H = CCAP0L=0xff-pwm;
  71   2          CR = 1;           //启动PCA。
  72   2        }
  73   1        else if(PCA_id == PCA1)
  74   1        {
  75   2          CR = 0;           //停止PCA。
  76   2          CCAP1H = CCAP1L=0xff-pwm;
  77   2          CR = 1;           //启动PCA。
  78   2        }
  79   1        else if(PCA_id == PCA2)
  80   1        {
  81   2          CR = 0;           //停止PCA。
  82   2          CCAP2H = CCAP2L=0xff-pwm;
  83   2          CR = 1;           //启动PCA。
  84   2        }
  85   1      }
  86          
  87          
  88          
  89          /*
  90          #define   PWM_DUTY    6000    //定义PWM的周期，数值为PCA所选择的时钟脉冲个数。
  91          #define   PWM_HIGH_MIN  80    //限制PWM输出的最小占空比, 避免中断里重装参数时间不够。
  92          #define   PWM_HIGH_MAX  (PWM_DUTY - PWM_HIGH_MIN) //限制PWM输出的最大占空比。
  93          */
  94          /**************************停止*****************************/
  95          void stop() {pwm_left(0); pwm_right(0); pwm_leftback(0);}  
  96          void  pwm_leftback(u8 highpwm) //
  97          {
  98   1        if (highpwm !=0)
  99   1        pwm_left(0);
 100   1        PWMn_Update(PCA2,highpwm);
 101   1      }
 102          
 103          void  pwm_left(u8 highpwm)//最小值PWM_HIGH_MIN  最大值PWM_HIGH_MAX
 104          {
 105   1          if (highpwm !=0)
 106   1        pwm_leftback(0);
 107   1        PWMn_Update(PCA1,highpwm);
 108   1      }
 109          void  pwm_right(u8 highpwm)
 110          {
 111   1        PWMn_Update(PCA0,highpwm);
 112   1      }
 113          
 114          


C51 COMPILER V9.52.0.0   PWM                                                               04/09/2016 13:05:47 PAGE 3   

MODULE INFORMATION:   STATIC OVERLAYABLE
   CODE SIZE        =    228    ----
   CONSTANT SIZE    =   ----    ----
   XDATA SIZE       =   ----       2
   PDATA SIZE       =   ----    ----
   DATA SIZE        =   ----    ----
   IDATA SIZE       =   ----    ----
   BIT SIZE         =   ----    ----
END OF MODULE INFORMATION.


C51 COMPILATION COMPLETE.  1 WARNING(S),  0 ERROR(S)
